<?xml version="1.0" encoding="UTF-8"?>
<!-- Generated by org.testng.reporters.JUnitReportReporter -->
<testsuite hostname="WS-LV-CP1252" name="eleks.eset.sample.BaseTests" tests="1" failures="0" timestamp="30 Jul 2018 10:56:14 GMT" time="1.656" errors="0">
  <testcase name="logInOutTest" time="1.656" classname="eleks.eset.sample.BaseTests"/>
</testsuite> <!-- eleks.eset.sample.BaseTests -->
