<?xml version="1.0" encoding="UTF-8"?>
<!-- Generated by org.testng.reporters.JUnitReportReporter -->
<testsuite hostname="WS-LV-CP1252" name="eleks.eset.sample.SmokeTests" tests="1" failures="0" timestamp="5 Dec 2018 08:20:57 GMT" time="10.550" errors="0">
  <testcase name="logInTest" time="10.550" classname="eleks.eset.sample.SmokeTests"/>
</testsuite> <!-- eleks.eset.sample.SmokeTests -->
